#-----------------------------------------------------------
# Vivado v2020.1 (64-bit)
# SW Build 2902540 on Wed May 27 19:54:49 MDT 2020
# IP Build 2902112 on Wed May 27 22:43:36 MDT 2020
# Start of session at: Wed Mar 26 23:30:15 2025
# Process ID: 18756
# Current directory: D:/Hardware Encryption/hardware-encryption/vivado/encryption1
# Command line: vivado.exe -gui_launcher_event rodinguilauncherevent10644 D:\Hardware Encryption\hardware-encryption\vivado\encryption1\encryption1.xpr
# Log file: D:/Hardware Encryption/hardware-encryption/vivado/encryption1/vivado.log
# Journal file: D:/Hardware Encryption/hardware-encryption/vivado/encryption1\vivado.jou
#-----------------------------------------------------------
start_gui
open_project {D:/Hardware Encryption/hardware-encryption/vivado/encryption1/encryption1.xpr}
CRITICAL WARNING: [Project 1-19] Could not find the file 'D:/Hardware Encryption/hardware-encryption/vivado/encryption1/encryption1.srcs/sources_1/new/sbox.vh'.
Scanning sources...
Finished scanning sources
INFO: [IP_Flow 19-234] Refreshing IP repositories
INFO: [IP_Flow 19-1704] No user IP repositories specified
INFO: [IP_Flow 19-2313] Loaded Vivado IP repository 'C:/Xilinx/Vivado/2020.1/data/ip'.
open_project: Time (s): cpu = 00:00:28 ; elapsed = 00:00:14 . Memory (MB): peak = 1035.770 ; gain = 0.000
update_compile_order -fileset sources_1
export_ip_user_files -of_objects  [get_files {{D:/Hardware Encryption/hardware-encryption/vivado/encryption1/encryption1.srcs/sources_1/new/sbox.vh}}] -no_script -reset -force -quiet
remove_files  {{D:/Hardware Encryption/hardware-encryption/vivado/encryption1/encryption1.srcs/sources_1/new/sbox.vh}}
close [ open {D:/Hardware Encryption/hardware-encryption/vivado/encryption1/encryption1.srcs/sources_1/new/abc.vh} w ]
add_files {{D:/Hardware Encryption/hardware-encryption/vivado/encryption1/encryption1.srcs/sources_1/new/abc.vh}}
update_compile_order -fileset sources_1
exit
INFO: [Common 17-206] Exiting Vivado at Wed Mar 26 23:33:32 2025...
