#-----------------------------------------------------------
# Vivado v2020.1 (64-bit)
# SW Build 2902540 on Wed May 27 19:54:49 MDT 2020
# IP Build 2902112 on Wed May 27 22:43:36 MDT 2020
# Start of session at: Thu Mar 27 00:34:41 2025
# Process ID: 17064
# Current directory: D:/Hardware Encryption/hardware-encryption/vivado/encryption1
# Command line: vivado.exe -gui_launcher_event rodinguilauncherevent33640 D:\Hardware Encryption\hardware-encryption\vivado\encryption1\encryption1.xpr
# Log file: D:/Hardware Encryption/hardware-encryption/vivado/encryption1/vivado.log
# Journal file: D:/Hardware Encryption/hardware-encryption/vivado/encryption1\vivado.jou
#-----------------------------------------------------------
start_gui
open_project {D:/Hardware Encryption/hardware-encryption/vivado/encryption1/encryption1.xpr}
Scanning sources...
Finished scanning sources
INFO: [IP_Flow 19-234] Refreshing IP repositories
INFO: [IP_Flow 19-1704] No user IP repositories specified
INFO: [IP_Flow 19-2313] Loaded Vivado IP repository 'C:/Xilinx/Vivado/2020.1/data/ip'.
open_project: Time (s): cpu = 00:00:26 ; elapsed = 00:00:12 . Memory (MB): peak = 1035.547 ; gain = 0.000
update_compile_order -fileset sources_1
launch_simulation
Command: launch_simulation 
INFO: [Vivado 12-5682] Launching behavioral simulation in 'D:/Hardware Encryption/hardware-encryption/vivado/encryption1/encryption1.sim/sim_1/behav/xsim'
INFO: [SIM-utils-51] Simulation object is 'sim_1'
INFO: [SIM-utils-54] Inspecting design source files for 'tb_roundkeygen' in fileset 'sim_1'...
INFO: [USF-XSim-97] Finding global include files...
INFO: [USF-XSim-98] Fetching design files from 'sim_1'...
INFO: [USF-XSim-2] XSim::Compile design
INFO: [USF-XSim-61] Executing 'COMPILE and ANALYZE' step in 'D:/Hardware Encryption/hardware-encryption/vivado/encryption1/encryption1.sim/sim_1/behav/xsim'
"xvlog --incr --relax -prj tb_roundkeygen_vlog.prj"
INFO: [Common 17-41] Interrupt caught. Command should exit soon.
run_program: Time (s): cpu = 00:00:12 ; elapsed = 00:01:14 . Memory (MB): peak = 1035.547 ; gain = 0.000
INFO: [Common 17-344] 'run_program' was cancelled
INFO: [Vivado 12-5357] 'compile' step aborted
launch_simulation: Time (s): cpu = 00:00:13 ; elapsed = 00:01:15 . Memory (MB): peak = 1035.547 ; gain = 0.000
INFO: [Common 17-344] 'launch_simulation' was cancelled
add_files -norecurse {{D:/Hardware Encryption/hardware-encryption/vivado/encryption1/encryption1.srcs/sources_1/new/sbox.sv}}
WARNING: [filemgmt 56-12] File 'D:/Hardware Encryption/hardware-encryption/vivado/encryption1/encryption1.srcs/sources_1/new/sbox.sv' cannot be added to the project because it already exists in the project, skipping this file
add_files -norecurse {{D:/Hardware Encryption/hardware-encryption/vivado/encryption1/encryption1.srcs/sources_1/new/sbox.sv}}
WARNING: [filemgmt 56-12] File 'D:/Hardware Encryption/hardware-encryption/vivado/encryption1/encryption1.srcs/sources_1/new/sbox.sv' cannot be added to the project because it already exists in the project, skipping this file
add_files -norecurse {{D:/Hardware Encryption/hardware-encryption/vivado/encryption1/encryption1.srcs/sources_1/new/sbox.sv}}
WARNING: [filemgmt 56-12] File 'D:/Hardware Encryption/hardware-encryption/vivado/encryption1/encryption1.srcs/sources_1/new/sbox.sv' cannot be added to the project because it already exists in the project, skipping this file
add_files -norecurse {{D:/Hardware Encryption/hardware-encryption/vivado/encryption1/encryption1.srcs/sources_1/new/sbox.sv}}
WARNING: [filemgmt 56-12] File 'D:/Hardware Encryption/hardware-encryption/vivado/encryption1/encryption1.srcs/sources_1/new/sbox.sv' cannot be added to the project because it already exists in the project, skipping this file
exit
INFO: [Common 17-206] Exiting Vivado at Thu Mar 27 00:39:29 2025...
