Copyright 1986-2020 Xilinx, Inc. All Rights Reserved.
---------------------------------------------------------------------------------------
| Tool Version : Vivado v.2020.1 (win64) Build 2902540 Wed May 27 19:54:49 MDT 2020
| Date         : Wed Apr  9 13:46:51 2025
| Host         : LAPTOP-982CNDFR running 64-bit major release  (build 9200)
| Command      : report_control_sets -verbose -file top_system_control_sets_placed.rpt
| Design       : top_system
| Device       : xc7a50t
---------------------------------------------------------------------------------------

Control Set Information

Table of Contents
-----------------
1. Summary
2. Histogram
3. Flip-Flop Distribution
4. Detailed Control Set Information

1. Summary
----------

+----------------------------------------------------------+-------+
|                          Status                          | Count |
+----------------------------------------------------------+-------+
| Total control sets                                       |     6 |
|    Minimum number of control sets                        |     6 |
|    Addition due to synthesis replication                 |     0 |
|    Addition due to physical synthesis replication        |     0 |
| Unused register locations in slices containing registers |    25 |
+----------------------------------------------------------+-------+
* Control sets can be merged at opt_design using control_set_merge or merge_equivalent_drivers
** Run report_qor_suggestions for automated merging and remapping suggestions


2. Histogram
------------

+--------------------+-------+
|       Fanout       | Count |
+--------------------+-------+
| Total control sets |     6 |
| >= 0 to < 4        |     0 |
| >= 4 to < 6        |     0 |
| >= 6 to < 8        |     2 |
| >= 8 to < 10       |     3 |
| >= 10 to < 12      |     0 |
| >= 12 to < 14      |     0 |
| >= 14 to < 16      |     0 |
| >= 16              |     1 |
+--------------------+-------+
* Control sets can be remapped at either synth_design or opt_design


3. Flip-Flop Distribution
-------------------------

+--------------+-----------------------+------------------------+-----------------+--------------+
| Clock Enable | Synchronous Set/Reset | Asynchronous Set/Reset | Total Registers | Total Slices |
+--------------+-----------------------+------------------------+-----------------+--------------+
| No           | No                    | No                     |               0 |            0 |
| No           | No                    | Yes                    |              25 |           10 |
| No           | Yes                   | No                     |               0 |            0 |
| Yes          | No                    | No                     |               0 |            0 |
| Yes          | No                    | Yes                    |              38 |           13 |
| Yes          | Yes                   | No                     |               0 |            0 |
+--------------+-----------------------+------------------------+-----------------+--------------+


4. Detailed Control Set Information
-----------------------------------

+----------------+--------------------------------------------+------------------+------------------+----------------+--------------+
|  Clock Signal  |                Enable Signal               | Set/Reset Signal | Slice Load Count | Bel Load Count | Bels / Slice |
+----------------+--------------------------------------------+------------------+------------------+----------------+--------------+
|  clk_IBUF_BUFG | uart_inst/FSM_sequential_state_reg[1]_0[0] | uart_inst/rst_n  |                2 |              6 |         3.00 |
|  clk_IBUF_BUFG | uart_inst/E[0]                             | uart_inst/rst_n  |                2 |              6 |         3.00 |
|  clk_IBUF_BUFG | uart_inst/rx_data[7]_i_1_n_0               | uart_inst/rst_n  |                2 |              8 |         4.00 |
|  clk_IBUF_BUFG | uart_inst/tx_clk_count_0                   | uart_inst/rst_n  |                3 |              9 |         3.00 |
|  clk_IBUF_BUFG | uart_inst/rx_clk_count_1                   | uart_inst/rst_n  |                4 |              9 |         2.25 |
|  clk_IBUF_BUFG |                                            | uart_inst/rst_n  |               10 |             25 |         2.50 |
+----------------+--------------------------------------------+------------------+------------------+----------------+--------------+


