#-----------------------------------------------------------
# Vivado v2020.1 (64-bit)
# SW Build 2902540 on Wed May 27 19:54:49 MDT 2020
# IP Build 2902112 on Wed May 27 22:43:36 MDT 2020
# Start of session at: Wed Apr  2 01:33:31 2025
# Process ID: 8752
# Current directory: D:/Hardware encryption project/hardware-encryption/vivado/hardware-encryption/vivado/encryption_2
# Command line: vivado.exe -gui_launcher_event rodinguilauncherevent8380 D:\Hardware encryption project\hardware-encryption\vivado\hardware-encryption\vivado\encryption_2\encryption_2.xpr
# Log file: D:/Hardware encryption project/hardware-encryption/vivado/hardware-encryption/vivado/encryption_2/vivado.log
# Journal file: D:/Hardware encryption project/hardware-encryption/vivado/hardware-encryption/vivado/encryption_2\vivado.jou
#-----------------------------------------------------------
start_gui
open_project {D:/Hardware encryption project/hardware-encryption/vivado/hardware-encryption/vivado/encryption_2/encryption_2.xpr}
INFO: [ProjectBase 1-489] The host OS only allows 260 characters in a normal path. The project is stored in a path with more than 80 characters. If you experience issues with IP, Block Designs, or files not being found, please consider moving the project to a location with a shorter path. Alternately consider using the OS subst command to map part of the path to a drive letter.
Current project path is 'D:/Hardware encryption project/hardware-encryption/vivado/hardware-encryption/vivado/encryption_2'
IINFO: [Project 1-313] Project file moved from 'D:/Hardware encryption project/encryption_2' since last save.WWARNING: [Project 1-312] File not found as 'D:/Hardware encryption project/hardware-encryption/vivado/hardware-encryption/vivado/hardware-encryption/vivado/hardware-encryption/vivado/encryption1/encryption1.srcs/sources_1/new/sbox.sv'; using path 'D:/Hardware encryption project/hardware-encryption/vivado/hardware-encryption/vivado/encryption1/encryption1.srcs/sources_1/new/sbox.sv' instead.WWARNING: [Project 1-312] File not found as 'D:/Hardware encryption project/hardware-encryption/vivado/hardware-encryption/vivado/tb_subbytes.sv'; using path 'D:/Hardware encryption project/tb_subbytes.sv' instead.
WARNING: [Project 1-312] File not found as 'D:/Hardware encryption project/hardware-encryption/vivado/hardware-encryption/vivado/hardware-encryption/vivado/hardware-encryption/vivado/encryption1/encryption1.srcs/sim_1/new/tb_roundkeygen.sv'; using path 'D:/Hardware encryption project/hardware-encryption/vivado/hardware-encryption/vivado/encryption1/encryption1.srcs/sim_1/new/tb_roundkeygen.sv' instead.
WARNING: [Project 1-312] File not found as 'D:/Hardware encryption project/hardware-encryption/vivado/hardware-encryption/vivado/hardware-encryption/vivado/hardware-encryption/vivado/encryption1/encryption1.srcs/sim_1/new/tb_mixcolumns.sv'; using path 'D:/Hardware encryption project/hardware-encryption/vivado/hardware-encryption/vivado/encryption1/encryption1.srcs/sim_1/new/tb_mixcolumns.sv' instead.
Scanning sources...FFinished scanning sourcesINFO: [IP_Flow 19-234] Refreshing IP repositories
INFO: [IP_Flow 19-1704] No user IP repositories specified
INFO: [IP_Flow 19-2313] Loaded Vivado IP repository 'D:/Xilinx/Vivado/2020.1/data/ip'.
oopen_project: Time (s): cpu = 00:00:01 ; elapsed = 00:00:08 . Memory (MB): peak = 1023.676 ; gain = 0.000exit
INFO: [Common 17-206] Exiting Vivadoexit
INFO: [Common 17-206] Exiting Vivado at Wed Apr  2 01:37:13 2025...
